Determining if the pthread_create exist failed with the following output:
Change Dir: /opt/ros/eric_ws/build/CMakeFiles/CMakeTmp

Run Build Command:"/usr/bin/make" "cmTC_64981/fast"
/usr/bin/make -f CMakeFiles/cmTC_64981.dir/build.make CMakeFiles/cmTC_64981.dir/build
make[1]: Entering directory '/opt/ros/eric_ws/build/CMakeFiles/CMakeTmp'
Building C object CMakeFiles/cmTC_64981.dir/CheckSymbolExists.c.o
/usr/bin/cc     -o CMakeFiles/cmTC_64981.dir/CheckSymbolExists.c.o   -c /opt/ros/eric_ws/build/CMakeFiles/CMakeTmp/CheckSymbolExists.c
Linking C executable cmTC_64981
/usr/bin/cmake -E cmake_link_script CMakeFiles/cmTC_64981.dir/link.txt --verbose=1
/usr/bin/cc       CMakeFiles/cmTC_64981.dir/CheckSymbolExists.c.o  -o cmTC_64981 -rdynamic 
CMakeFiles/cmTC_64981.dir/CheckSymbolExists.c.o：在函数‘main’中：
CheckSymbolExists.c:(.text+0x16)：对‘pthread_create’未定义的引用
collect2: error: ld returned 1 exit status
CMakeFiles/cmTC_64981.dir/build.make:97: recipe for target 'cmTC_64981' failed
make[1]: *** [cmTC_64981] Error 1
make[1]: Leaving directory '/opt/ros/eric_ws/build/CMakeFiles/CMakeTmp'
Makefile:126: recipe for target 'cmTC_64981/fast' failed
make: *** [cmTC_64981/fast] Error 2

File /opt/ros/eric_ws/build/CMakeFiles/CMakeTmp/CheckSymbolExists.c:
/* */
#include <pthread.h>

int main(int argc, char** argv)
{
  (void)argv;
#ifndef pthread_create
  return ((int*)(&pthread_create))[argc];
#else
  (void)argc;
  return 0;
#endif
}

Determining if the function pthread_create exists in the pthreads failed with the following output:
Change Dir: /opt/ros/eric_ws/build/CMakeFiles/CMakeTmp

Run Build Command:"/usr/bin/make" "cmTC_b8ae9/fast"
/usr/bin/make -f CMakeFiles/cmTC_b8ae9.dir/build.make CMakeFiles/cmTC_b8ae9.dir/build
make[1]: Entering directory '/opt/ros/eric_ws/build/CMakeFiles/CMakeTmp'
Building C object CMakeFiles/cmTC_b8ae9.dir/CheckFunctionExists.c.o
/usr/bin/cc    -DCHECK_FUNCTION_EXISTS=pthread_create   -o CMakeFiles/cmTC_b8ae9.dir/CheckFunctionExists.c.o   -c /usr/share/cmake-3.5/Modules/CheckFunctionExists.c
Linking C executable cmTC_b8ae9
/usr/bin/cmake -E cmake_link_script CMakeFiles/cmTC_b8ae9.dir/link.txt --verbose=1
/usr/bin/cc   -DCHECK_FUNCTION_EXISTS=pthread_create    CMakeFiles/cmTC_b8ae9.dir/CheckFunctionExists.c.o  -o cmTC_b8ae9 -rdynamic -lpthreads 
/usr/bin/ld: 找不到 -lpthreads
collect2: error: ld returned 1 exit status
CMakeFiles/cmTC_b8ae9.dir/build.make:97: recipe for target 'cmTC_b8ae9' failed
make[1]: *** [cmTC_b8ae9] Error 1
make[1]: Leaving directory '/opt/ros/eric_ws/build/CMakeFiles/CMakeTmp'
Makefile:126: recipe for target 'cmTC_b8ae9/fast' failed
make: *** [cmTC_b8ae9/fast] Error 2


