Determining if the pthread_create exist failed with the following output:
Change Dir: /opt/ros/eric_ws/src/cmake-build-debug/CMakeFiles/CMakeTmp

Run Build Command:"/usr/bin/make" "cmTC_6ca22/fast"
/usr/bin/make -f CMakeFiles/cmTC_6ca22.dir/build.make CMakeFiles/cmTC_6ca22.dir/build
make[1]: Entering directory '/opt/ros/eric_ws/src/cmake-build-debug/CMakeFiles/CMakeTmp'
Building C object CMakeFiles/cmTC_6ca22.dir/CheckSymbolExists.c.o
/usr/bin/cc    -o CMakeFiles/cmTC_6ca22.dir/CheckSymbolExists.c.o   -c /opt/ros/eric_ws/src/cmake-build-debug/CMakeFiles/CMakeTmp/CheckSymbolExists.c
Linking C executable cmTC_6ca22
/opt/clion-2018.1/bin/cmake/bin/cmake -E cmake_link_script CMakeFiles/cmTC_6ca22.dir/link.txt --verbose=1
/usr/bin/cc      -rdynamic CMakeFiles/cmTC_6ca22.dir/CheckSymbolExists.c.o  -o cmTC_6ca22 
CMakeFiles/cmTC_6ca22.dir/CheckSymbolExists.c.o：在函数‘main’中：
CheckSymbolExists.c:(.text+0x16)：对‘pthread_create’未定义的引用
collect2: error: ld returned 1 exit status
CMakeFiles/cmTC_6ca22.dir/build.make:97: recipe for target 'cmTC_6ca22' failed
make[1]: *** [cmTC_6ca22] Error 1
make[1]: Leaving directory '/opt/ros/eric_ws/src/cmake-build-debug/CMakeFiles/CMakeTmp'
Makefile:126: recipe for target 'cmTC_6ca22/fast' failed
make: *** [cmTC_6ca22/fast] Error 2

File /opt/ros/eric_ws/src/cmake-build-debug/CMakeFiles/CMakeTmp/CheckSymbolExists.c:
/* */
#include <pthread.h>

int main(int argc, char** argv)
{
  (void)argv;
#ifndef pthread_create
  return ((int*)(&pthread_create))[argc];
#else
  (void)argc;
  return 0;
#endif
}

Determining if the function pthread_create exists in the pthreads failed with the following output:
Change Dir: /opt/ros/eric_ws/src/cmake-build-debug/CMakeFiles/CMakeTmp

Run Build Command:"/usr/bin/make" "cmTC_95d5a/fast"
/usr/bin/make -f CMakeFiles/cmTC_95d5a.dir/build.make CMakeFiles/cmTC_95d5a.dir/build
make[1]: Entering directory '/opt/ros/eric_ws/src/cmake-build-debug/CMakeFiles/CMakeTmp'
Building C object CMakeFiles/cmTC_95d5a.dir/CheckFunctionExists.c.o
/usr/bin/cc   -DCHECK_FUNCTION_EXISTS=pthread_create   -o CMakeFiles/cmTC_95d5a.dir/CheckFunctionExists.c.o   -c /opt/clion-2018.1/bin/cmake/share/cmake-3.10/Modules/CheckFunctionExists.c
Linking C executable cmTC_95d5a
/opt/clion-2018.1/bin/cmake/bin/cmake -E cmake_link_script CMakeFiles/cmTC_95d5a.dir/link.txt --verbose=1
/usr/bin/cc  -DCHECK_FUNCTION_EXISTS=pthread_create    -rdynamic CMakeFiles/cmTC_95d5a.dir/CheckFunctionExists.c.o  -o cmTC_95d5a -lpthreads 
/usr/bin/ld: 找不到 -lpthreads
collect2: error: ld returned 1 exit status
CMakeFiles/cmTC_95d5a.dir/build.make:97: recipe for target 'cmTC_95d5a' failed
make[1]: *** [cmTC_95d5a] Error 1
make[1]: Leaving directory '/opt/ros/eric_ws/src/cmake-build-debug/CMakeFiles/CMakeTmp'
Makefile:126: recipe for target 'cmTC_95d5a/fast' failed
make: *** [cmTC_95d5a/fast] Error 2


